<?xml version="1.0" encoding="UTF-8"?>
<!-- Generated by org.testng.reporters.JUnitReportReporter -->
<testsuite hostname="LAPTOP-THVK1LJ5" name="phoenix.HomePage" tests="2" failures="0" timestamp="13 Dec 2020 18:47:42 GMT" time="27.007" errors="0">
  <testcase name="basePageNavigation" time="12.023" classname="phoenix.HomePage"/>
  <testcase name="basePageNavigation" time="14.984" classname="phoenix.HomePage"/>
</testsuite> <!-- phoenix.HomePage -->
