<?xml version="1.0" encoding="UTF-8"?>
<!-- Generated by org.testng.reporters.JUnitReportReporter -->
<testsuite skipped="0" hostname="LAPTOP-THVK1LJ5" name="phoenix.assertTitle" tests="1" failures="0" timestamp="11 Dec 2020 15:21:17 GMT" time="5.874" errors="0">
  <testcase name="basePageNavigation" time="5.874" classname="phoenix.assertTitle"/>
</testsuite> <!-- phoenix.assertTitle -->
