<?xml version="1.0" encoding="UTF-8"?>
<!-- Generated by org.testng.reporters.JUnitReportReporter -->
<testsuite skipped="0" hostname="LAPTOP-THVK1LJ5" name="phoenix.HomePage" tests="2" failures="0" timestamp="11 Dec 2020 15:21:17 GMT" time="27.715" errors="0">
  <testcase name="basePageNavigation" time="12.968" classname="phoenix.HomePage"/>
  <testcase name="basePageNavigation" time="14.747" classname="phoenix.HomePage"/>
</testsuite> <!-- phoenix.HomePage -->
